# JRE version: Java(TM) SE Runtime Environment (11.0.4+10) (build 11.0.4+10-LTS)
# Java VM: Java HotSpot(TM) 64-Bit Server VM (11.0.4+10-LTS, mixed mode, tiered, compressed oops, g1 gc, windows-amd64)
Heap:
 garbage-first heap   total 262144K, used 146011K [0x00000000e0000000, 0x0000000100000000)
  region size 1024K, 4 young (4096K), 2 survivors (2048K)
 Metaspace       used 86772K, capacity 88660K, committed 88960K, reserved 331776K
  class space    used 10507K, capacity 11183K, committed 11392K, reserved 253952K
GC Heap History (10 events):
Event: 576.186 GC heap before
{Heap before GC invocations=25 (full 0):
 garbage-first heap   total 262144K, used 215535K [0x00000000e0000000, 0x0000000100000000)
  region size 1024K, 148 young (151552K), 1 survivors (1024K)
 Metaspace       used 76588K, capacity 78384K, committed 78464K, reserved 323584K
  class space    used 9163K, capacity 9778K, committed 9856K, reserved 253952K
}
Event: 576.187 GC heap after
{Heap after GC invocations=26 (full 0):
 garbage-first heap   total 262144K, used 64642K [0x00000000e0000000, 0x0000000100000000)
  region size 1024K, 1 young (1024K), 1 survivors (1024K)
 Metaspace       used 76588K, capacity 78384K, committed 78464K, reserved 323584K
  class space    used 9163K, capacity 9778K, committed 9856K, reserved 253952K
}
Event: 583.399 GC heap before
{Heap before GC invocations=26 (full 0):
 garbage-first heap   total 262144K, used 218242K [0x00000000e0000000, 0x0000000100000000)
  region size 1024K, 151 young (154624K), 1 survivors (1024K)
 Metaspace       used 83006K, capacity 84856K, committed 84992K, reserved 329728K
  class space    used 10062K, capacity 10717K, committed 10752K, reserved 253952K
}
Event: 583.406 GC heap after
{Heap after GC invocations=27 (full 0):
 garbage-first heap   total 262144K, used 69145K [0x00000000e0000000, 0x0000000100000000)
  region size 1024K, 5 young (5120K), 5 survivors (5120K)
 Metaspace       used 83006K, capacity 84856K, committed 84992K, reserved 329728K
  class space    used 10062K, capacity 10717K, committed 10752K, reserved 253952K
}
Event: 598.420 GC heap before
{Heap before GC invocations=27 (full 0):
 garbage-first heap   total 262144K, used 221721K [0x00000000e0000000, 0x0000000100000000)
  region size 1024K, 103 young (105472K), 5 survivors (5120K)
 Metaspace       used 86290K, capacity 88361K, committed 88576K, reserved 331776K
  class space    used 10480K, capacity 11215K, committed 11264K, reserved 253952K
}
Event: 598.436 GC heap after
{Heap after GC invocations=28 (full 0):
 garbage-first heap   total 262144K, used 90094K [0x00000000e0000000, 0x0000000100000000)
  region size 1024K, 12 young (12288K), 12 survivors (12288K)
 Metaspace       used 86290K, capacity 88361K, committed 88576K, reserved 331776K
  class space    used 10480K, capacity 11215K, committed 11264K, reserved 253952K
}
Event: 598.574 GC heap before
{Heap before GC invocations=29 (full 0):
 garbage-first heap   total 262144K, used 145390K [0x00000000e0000000, 0x0000000100000000)
  region size 1024K, 18 young (18432K), 12 survivors (12288K)
 Metaspace       used 86560K, capacity 88471K, committed 88960K, reserved 331776K
  class space    used 10468K, capacity 11141K, committed 11392K, reserved 253952K
}
Event: 598.592 GC heap after
{Heap after GC invocations=30 (full 0):
 garbage-first heap   total 262144K, used 100797K [0x00000000e0000000, 0x0000000100000000)
  region size 1024K, 8 young (8192K), 8 survivors (8192K)
 Metaspace       used 86560K, capacity 88471K, committed 88960K, reserved 331776K
  class space    used 10468K, capacity 11141K, committed 11392K, reserved 253952K
}
Event: 598.750 GC heap before
{Heap before GC invocations=31 (full 0):
 garbage-first heap   total 262144K, used 149949K [0x00000000e0000000, 0x0000000100000000)
  region size 1024K, 12 young (12288K), 8 survivors (8192K)
 Metaspace       used 86756K, capacity 88658K, committed 88960K, reserved 331776K
  class space    used 10506K, capacity 11182K, committed 11392K, reserved 253952K
}
Event: 598.761 GC heap after
{Heap after GC invocations=32 (full 0):
 garbage-first heap   total 262144K, used 107099K [0x00000000e0000000, 0x0000000100000000)
  region size 1024K, 2 young (2048K), 2 survivors (2048K)
 Metaspace       used 86756K, capacity 88658K, committed 88960K, reserved 331776K
  class space    used 10506K, capacity 11182K, committed 11392K, reserved 253952K
}

